\BOOKMARK [1][-]{section.1}{Introduction}{}
\BOOKMARK [2][-]{subsection.1.1}{IDENTIFICATION}{section.1}
\BOOKMARK [2][-]{subsection.1.2}{PURPOSE}{section.1}
\BOOKMARK [2][-]{subsection.1.3}{SCOPE}{section.1}
\BOOKMARK [2][-]{subsection.1.4}{DEFINITIONS, ACRONYMS, AND ABBREVIATIONS}{section.1}
\BOOKMARK [2][-]{subsection.1.5}{REFERENCES}{section.1}
\BOOKMARK [2][-]{subsection.1.6}{OVERVIEW AND RESTRICTIONS}{section.1}
\BOOKMARK [1][-]{section.2}{OVERALL DESCRIPTION}{}
\BOOKMARK [2][-]{subsection.2.1}{PRODUCT PERSPECTIVE}{section.2}
\BOOKMARK [2][-]{subsection.2.2}{PRODUCT FUNCTIONS}{section.2}
\BOOKMARK [2][-]{subsection.2.3}{USER CHARACTERISTICS}{section.2}
\BOOKMARK [2][-]{subsection.2.4}{CONSTRAINTS}{section.2}
\BOOKMARK [2][-]{subsection.2.5}{ASSUMPTIONS AND DEPENDENCIES}{section.2}
\BOOKMARK [2][-]{subsection.2.6}{SYSTEM LEVEL \(NON-FUNCTIONAL\) REQUIREMENTS}{section.2}
\BOOKMARK [3][-]{subsubsection.2.6.1}{Site dependencies}{subsection.2.6}
\BOOKMARK [3][-]{subsubsection.2.6.2}{Safety, security and privacy requirements}{subsection.2.6}
\BOOKMARK [3][-]{subsubsection.2.6.3}{Performance requirements}{subsection.2.6}
\BOOKMARK [3][-]{subsubsection.2.6.4}{System and software quality}{subsection.2.6}
\BOOKMARK [3][-]{subsubsection.2.6.5}{Packaging and delivery requirements}{subsection.2.6}
\BOOKMARK [3][-]{subsubsection.2.6.6}{Personnel-related requirements}{subsection.2.6}
\BOOKMARK [3][-]{subsubsection.2.6.7}{Training-related requirements}{subsection.2.6}
\BOOKMARK [3][-]{subsubsection.2.6.8}{Logistics-related requirements}{subsection.2.6}
\BOOKMARK [3][-]{subsubsection.2.6.9}{}{subsection.2.6}
\BOOKMARK [3][-]{subsubsection.2.6.10}{Other requirements}{subsection.2.6}
\BOOKMARK [3][-]{subsubsection.2.6.11}{Precedence and criticality of requirements}{subsection.2.6}
\BOOKMARK [1][-]{section.3}{SPECIFIC REQUIREMENTS}{}
\BOOKMARK [2][-]{subsection.3.1}{EXTERNAL INTERFACE REQUIREMENTS}{section.3}
\BOOKMARK [3][-]{subsubsection.3.1.1}{Hardware Interfaces}{subsection.3.1}
\BOOKMARK [3][-]{subsubsection.3.1.2}{Software Interfaces}{subsection.3.1}
\BOOKMARK [3][-]{subsubsection.3.1.3}{User Interfaces}{subsection.3.1}
\BOOKMARK [3][-]{subsubsection.3.1.4}{Other Communication Interfaces}{subsection.3.1}
\BOOKMARK [2][-]{subsection.3.2}{SYSTEM FEATURES}{section.3}
\BOOKMARK [3][-]{subsubsection.3.2.1}{ Use Case Diagrams}{subsection.3.2}
\BOOKMARK [3][-]{subsubsection.3.2.2}{System feature 1: [ insert feature name here ]}{subsection.3.2}
\BOOKMARK [4][-]{paragraph.3.2.2.1}{Non-task feature description}{subsubsection.3.2.2}
\BOOKMARK [4][-]{paragraph.3.2.2.2}{ Introduction/Purpose of this feature}{subsubsection.3.2.2}
\BOOKMARK [4][-]{paragraph.3.2.2.3}{Input/Output sequence for this feature}{subsubsection.3.2.2}
\BOOKMARK [4][-]{paragraph.3.2.2.4}{Design constraints of this feature}{subsubsection.3.2.2}
\BOOKMARK [4][-]{paragraph.3.2.2.5}{Performance requirements of this feature}{subsubsection.3.2.2}
\BOOKMARK [4][-]{paragraph.3.2.2.6}{Detailed functional requirements of this feature}{subsubsection.3.2.2}
\BOOKMARK [5][-]{subparagraph.3.2.2.6.1}{Functional requirement 1.1}{paragraph.3.2.2.6}
\BOOKMARK [5][-]{subparagraph.3.2.2.6.2}{Functional requirement 1.2}{paragraph.3.2.2.6}
\BOOKMARK [4][-]{paragraph.3.2.2.7}{}{subsubsection.3.2.2}
\BOOKMARK [5][-]{subparagraph.3.2.2.7.1}{\203}{paragraph.3.2.2.7}
\BOOKMARK [5][-]{subparagraph.3.2.2.7.2}{Functional requirement 1.[n]}{paragraph.3.2.2.7}
\BOOKMARK [3][-]{subsubsection.3.2.3}{System feature 2: [ insert feature name here ]}{subsection.3.2}
\BOOKMARK [4][-]{paragraph.3.2.3.1}{ Introduction/Purpose of this feature}{subsubsection.3.2.3}
\BOOKMARK [4][-]{paragraph.3.2.3.2}{Input/Output sequence for this feature}{subsubsection.3.2.3}
\BOOKMARK [4][-]{paragraph.3.2.3.3}{Design constraints of this feature}{subsubsection.3.2.3}
\BOOKMARK [4][-]{paragraph.3.2.3.4}{Performance requirements of this feature}{subsubsection.3.2.3}
\BOOKMARK [4][-]{paragraph.3.2.3.5}{Detailed functional requirements of this feature}{subsubsection.3.2.3}
\BOOKMARK [5][-]{subparagraph.3.2.3.5.1}{Functional requirement 2.1}{paragraph.3.2.3.5}
\BOOKMARK [5][-]{subparagraph.3.2.3.5.2}{Functional requirement 2.2}{paragraph.3.2.3.5}
\BOOKMARK [5][-]{subparagraph.3.2.3.5.3}{\203}{paragraph.3.2.3.5}
\BOOKMARK [5][-]{subparagraph.3.2.3.5.4}{Functional requirement 2.[n]}{paragraph.3.2.3.5}
\BOOKMARK [5][-]{subparagraph.3.2.3.5.5}{\203}{paragraph.3.2.3.5}
\BOOKMARK [3][-]{subsubsection.3.2.4}{System feature [m]: [ insert feature name here ]}{subsection.3.2}
\BOOKMARK [4][-]{paragraph.3.2.4.1}{ Introduction/Purpose of this feature}{subsubsection.3.2.4}
\BOOKMARK [4][-]{paragraph.3.2.4.2}{Input/Output sequence for this feature}{subsubsection.3.2.4}
\BOOKMARK [4][-]{paragraph.3.2.4.3}{Design constraints of this feature}{subsubsection.3.2.4}
\BOOKMARK [4][-]{paragraph.3.2.4.4}{Performance requirements of this feature}{subsubsection.3.2.4}
\BOOKMARK [4][-]{paragraph.3.2.4.5}{Detailed functional requirements of this feature}{subsubsection.3.2.4}
\BOOKMARK [5][-]{subparagraph.3.2.4.5.1}{Functional requirement [m].1}{paragraph.3.2.4.5}
\BOOKMARK [5][-]{subparagraph.3.2.4.5.2}{Functional requirement [m].2}{paragraph.3.2.4.5}
\BOOKMARK [5][-]{subparagraph.3.2.4.5.3}{\203}{paragraph.3.2.4.5}
\BOOKMARK [5][-]{subparagraph.3.2.4.5.4}{Functional requirement [m.n]}{paragraph.3.2.4.5}
\BOOKMARK [1][-]{section.4}{REQUIREMENTS TRACEABILITY}{}
\BOOKMARK [1][-]{section.5}{APPENDIX A. \040[insert name here]}{}
\BOOKMARK [1][-]{section.6}{APPENDIX B. \040[insert name here]}{}
